2020-02-15 11:25:21.1664 INFO End Game
2020-02-15 11:35:35.6237 INFO Number of Clicks = 3
2020-02-15 11:52:30.8575 INFO Number of Clicks = 1
2020-02-15 11:52:30.8794 INFO Time Spent in Game = System.Timers.Timer
2020-02-15 11:59:35.1822 INFO Number of Clicks = 5
2020-02-15 11:59:35.1992 INFO Time Spent in Game = NULL
2020-02-15 12:04:28.6843 INFO Number of Clicks = 4
2020-02-15 12:04:28.7023 INFO Time Spent in Game = NULL
2020-02-15 12:06:57.4557 INFO Number of Clicks = 3
2020-02-15 12:06:57.4876 INFO Time Spent in Game = "2/15/2020 12:06:57 PM"
2020-02-15 12:31:49.0585 INFO Number of Clicks = 5
2020-02-15 12:31:49.0785 INFO Time Spent in Game = "12:31:48.958"
2020-02-15 12:34:40.4700 INFO Number of Clicks = 1
2020-02-15 12:34:40.4859 INFO Time Spent in Game = "12:34:40.412"
2020-02-15 12:35:59.4054 INFO Number of Clicks = 2
2020-02-15 12:35:59.4214 INFO Time Spent in Game = "12:35:59.043"
2020-02-15 12:47:45.1736 INFO Number of Clicks = 2
2020-02-15 12:47:45.2015 INFO Time Spent in Game = 00:02.61
2020-02-15 23:25:22.1579 INFO Number of Clicks = 1
2020-02-15 23:25:22.1778 INFO Time Spent in Game = 00:02.50
2020-02-15 23:56:25.5070 INFO Number of Clicks = 1
2020-02-15 23:56:25.5300 INFO Time Spent in Game = 02:01.38
2020-02-15 23:58:51.5286 INFO Number of Clicks = 1
2020-02-15 23:58:51.5576 INFO Time Spent in Game = 00:06.57
